<?xml version="1.0" encoding="UTF-8"?>
<testsuite xmlns:xsi="http://www.w3.org/2001/XMLSchema-instance" xsi:noNamespaceSchemaLocation="https://maven.apache.org/surefire/maven-surefire-plugin/xsd/surefire-test-report.xsd" name="com.testswaglabs.TestRunner.TestLogin" time="60.519" tests="5" errors="0" skipped="0" failures="3">
  <properties>
[...]
</properties>
  <testcase name="User successfully logs in with registered username and password" classname="User Login" time="16.548"/>
  <testcase name="Validate Password Matching with Username" classname="User Login" time="14.278"/>
  <testcase name="User attempts to login without providing username and password" classname="User Login" time="8.528">
    <failure message="expected:&lt;[You need Username &amp; Password!]&gt; but was:&lt;[Epic sadface: Username is required]&gt;" type="org.junit.ComparisonFailure"><![CDATA[org.junit.ComparisonFailure: expected:<[You need Username & Password!]> but was:<[Epic sadface: Username is required]>
]]></failure>
    <system-out><![CDATA[Expected error message: You need Username & Password!
Actual error message: Epic sadface: Username is required
]]></system-out>
    <system-err><![CDATA[Starting ChromeDriver 124.0.6367.201 (46cf136d27d50afd9c618d164a3b95b3b62d0027-refs/branch-heads/6367@{#1130}) on port 63800
Only local connections are allowed.
Please see https://chromedriver.chromium.org/security-considerations for suggestions on keeping ChromeDriver safe.
ChromeDriver was started successfully.
May 14, 2024 11:25:08 AM org.openqa.selenium.remote.ProtocolHandshake createSession
INFO: Detected dialect: W3C
]]></system-err>
  </testcase>
  <testcase name="User attempts to login without providing username" classname="User Login" time="8.685">
    <failure message="expected:&lt;[You need Username !]&gt; but was:&lt;[Epic sadface: Username is required]&gt;" type="org.junit.ComparisonFailure"><![CDATA[org.junit.ComparisonFailure: expected:<[You need Username !]> but was:<[Epic sadface: Username is required]>
]]></failure>
    <system-out><![CDATA[Expected error message: You need Username !
Actual error message: Epic sadface: Username is required
]]></system-out>
    <system-err><![CDATA[Starting ChromeDriver 124.0.6367.201 (46cf136d27d50afd9c618d164a3b95b3b62d0027-refs/branch-heads/6367@{#1130}) on port 59362
Only local connections are allowed.
Please see https://chromedriver.chromium.org/security-considerations for suggestions on keeping ChromeDriver safe.
ChromeDriver was started successfully.
May 14, 2024 11:25:16 AM org.openqa.selenium.remote.ProtocolHandshake createSession
INFO: Detected dialect: W3C
]]></system-err>
  </testcase>
  <testcase name="User attempts to login without providing password" classname="User Login" time="10.238">
    <failure message="expected:&lt;[You need Password !]&gt; but was:&lt;[Epic sadface: Password is required]&gt;" type="org.junit.ComparisonFailure"><![CDATA[org.junit.ComparisonFailure: expected:<[You need Password !]> but was:<[Epic sadface: Password is required]>
]]></failure>
    <system-out><![CDATA[Expected error message: You need Password !
Actual error message: Epic sadface: Password is required
]]></system-out>
    <system-err><![CDATA[Starting ChromeDriver 124.0.6367.201 (46cf136d27d50afd9c618d164a3b95b3b62d0027-refs/branch-heads/6367@{#1130}) on port 57575
Only local connections are allowed.
Please see https://chromedriver.chromium.org/security-considerations for suggestions on keeping ChromeDriver safe.
ChromeDriver was started successfully.
May 14, 2024 11:25:25 AM org.openqa.selenium.remote.ProtocolHandshake createSession
INFO: Detected dialect: W3C
]]></system-err>
  </testcase>
</testsuite>